<?xml version="1.0" encoding="UTF-8"?>
<!-- Generated by org.testng.reporters.JUnitReportReporter -->
<testsuite skipped="0" hostname="DESKTOP-LVANB3A" name="finalDemo.pptProject.AppTest" tests="1" failures="0" timestamp="03 Sep 2018 19:02:58 GMT" time="0.012" errors="0">
  <testcase name="shouldAnswerWithTrue" time="0.012" classname="finalDemo.pptProject.AppTest"/>
</testsuite> <!-- finalDemo.pptProject.AppTest -->
